#
# There is insufficient memory for the Java Runtime Environment to continue.
# Native memory allocation (mmap) failed to map 132120576 bytes. Error detail: G1 virtual space
# Possible reasons:
#   The system is out of physical RAM or swap space
#   This process is running with CompressedOops enabled, and the Java Heap may be blocking the growth of the native heap
# Possible solutions:
#   Reduce memory load on the system
#   Increase physical memory or swap space
#   Check if swap backing store is full
#   Decrease Java heap size (-Xmx/-Xms)
#   Decrease number of Java threads
#   Decrease Java thread stack sizes (-Xss)
#   Set larger code cache with -XX:ReservedCodeCacheSize=
#   JVM is running with Unscaled Compressed Oops mode in which the Java heap is
#     placed in the first 4GB address space. The Java Heap base address is the
#     maximum limit for the native heap growth. Please use -XX:HeapBaseMinAddress
#     to set the Java Heap base and to place the Java Heap above 4GB virtual address.
# This output file may be truncated or incomplete.
#
#  Out of Memory Error (os_windows.cpp:3815), pid=420, tid=2092
#
# JRE version:  (21.0.3) (build )
# Java VM: OpenJDK 64-Bit Server VM (21.0.3+-12282718-b509.11, mixed mode, sharing, tiered, compressed oops, compressed class ptrs, g1 gc, windows-amd64)
# No core dump will be written. Minidumps are not enabled by default on client versions of Windows
#

---------------  S U M M A R Y ------------

Command Line: 

Host: Intel(R) Core(TM) i3-10110U CPU @ 2.10GHz, 4 cores, 7G,  Windows 10 , 64 bit Build 18362 (10.0.18362.86)
Time: Thu Nov 28 19:12:54 2024 RTZ 2 (зима) elapsed time: 0.020274 seconds (0d 0h 0m 0s)

---------------  T H R E A D  ---------------

Current thread (0x00000191f937ad80):  JavaThread "Unknown thread" [_thread_in_vm, id=2092, stack(0x000000192f500000,0x000000192f600000) (1024K)]

Stack: [0x000000192f500000,0x000000192f600000]
Native frames: (J=compiled Java code, j=interpreted, Vv=VM code, C=native code)
V  [jvm.dll+0x6cafb9]
V  [jvm.dll+0x858523]
V  [jvm.dll+0x85aa7e]
V  [jvm.dll+0x85b163]
V  [jvm.dll+0x27d356]
V  [jvm.dll+0x6c7865]
V  [jvm.dll+0x6bbd3a]
V  [jvm.dll+0x35199b]
V  [jvm.dll+0x3595d6]
V  [jvm.dll+0x3aa826]
V  [jvm.dll+0x3aaaf8]
V  [jvm.dll+0x3240bc]
V  [jvm.dll+0x324dab]
V  [jvm.dll+0x81fd89]
V  [jvm.dll+0x3b7c08]
V  [jvm.dll+0x80921d]
V  [jvm.dll+0x44c05e]
V  [jvm.dll+0x44d6b1]
C  [jli.dll+0x52ab]
C  [ucrtbase.dll+0x1d912]
C  [KERNEL32.DLL+0x17bd4]
C  [ntdll.dll+0x6ce71]


---------------  P R O C E S S  ---------------

Threads class SMR info:
_java_thread_list=0x00007ff824c357c8, length=0, elements={
}

Java Threads: ( => current thread )
Total: 0

Other Threads:
  0x00000191fb546720 WorkerThread "GC Thread#0"                     [id=7880, stack(0x000000192f600000,0x000000192f700000) (1024K)]
  0x00000191fb558aa0 ConcurrentGCThread "G1 Main Marker"            [id=12028, stack(0x000000192f700000,0x000000192f800000) (1024K)]
  0x00000191fb5594b0 WorkerThread "G1 Conc#0"                       [id=6188, stack(0x000000192f800000,0x000000192f900000) (1024K)]

[error occurred during error reporting (printing all threads), id 0xc0000005, EXCEPTION_ACCESS_VIOLATION (0xc0000005) at pc=0x00007ff824437197]
VM state: not at safepoint (not fully initialized)

VM Mutex/Monitor currently owned by a thread:  ([mutex/lock_event])
[0x00007ff824ca21c8] Heap_lock - owner thread: 0x00000191f937ad80

Heap address: 0x0000000082800000, size: 2008 MB, Compressed Oops mode: 32-bit

CDS archive(s) mapped at: [0x0000000000000000-0x0000000000000000-0x0000000000000000), size 0, SharedBaseAddress: 0x0000000800000000, ArchiveRelocationMode: 1.
Narrow klass base: 0x0000000000000000, Narrow klass shift: 0, Narrow klass range: 0x0

GC Precious Log:
 CardTable entry size: 512
 Card Set container configuration: InlinePtr #cards 5 size 8 Array Of Cards #cards 12 size 40 Howl #buckets 4 coarsen threshold 1843 Howl Bitmap #cards 512 size 80 coarsen threshold 460 Card regions per heap region 1 cards per card region 2048

Heap:
 garbage-first heap   total 0K, used 0K [0x0000000082800000, 0x0000000100000000)
  region size 1024K, 0 young (0K), 0 survivors (0K)
 Metaspace       used 0K, committed 0K, reserved 0K
  class space    used 0K, committed 0K, reserved 0K

Heap Regions: E=young(eden), S=young(survivor), O=old, HS=humongous(starts), HC=humongous(continues), CS=collection set, F=free, TAMS=top-at-mark-start, PB=parsable bottom

Card table byte_map: [0x00000191fea30000,0x00000191fee20000] _byte_map_base: 0x00000191fe61c000

Marking Bits: (CMBitMap*) 0x00000191fb547d40
 Bits: [0x000001918f000000, 0x0000019190f60000)

GC Heap History (0 events):
No events

Dll operation events (1 events):
Event: 0.003 Loaded shared library D:\Zalupa\Android Studio\jbr\bin\java.dll

Deoptimization events (0 events):
No events

Classes loaded (0 events):
No events

Classes unloaded (0 events):
No events

Classes redefined (0 events):
No events

Internal exceptions (0 events):
No events

ZGC Phase Switch (0 events):
No events

VM Operations (0 events):
No events

Events (0 events):
No events


Dynamic libraries:
0x00007ff7d0b70000 - 0x00007ff7d0b7a000 	D:\Zalupa\Android Studio\jbr\bin\java.EXE
0x00007ff8628a0000 - 0x00007ff862a90000 	C:\Windows\SYSTEM32\ntdll.dll
0x00007ff860ff0000 - 0x00007ff8610a2000 	C:\Windows\System32\KERNEL32.DLL
0x00007ff85fac0000 - 0x00007ff85fd63000 	C:\Windows\System32\KERNELBASE.dll
0x00007ff85f830000 - 0x00007ff85f92a000 	C:\Windows\System32\ucrtbase.dll
0x00007ff858ef0000 - 0x00007ff858f0b000 	D:\Zalupa\Android Studio\jbr\bin\VCRUNTIME140.dll
0x00007ff853d40000 - 0x00007ff853d58000 	D:\Zalupa\Android Studio\jbr\bin\jli.dll
0x00007ff862340000 - 0x00007ff8624d3000 	C:\Windows\System32\USER32.dll
0x00007ff860790000 - 0x00007ff8607b1000 	C:\Windows\System32\win32u.dll
0x00007ff860960000 - 0x00007ff860986000 	C:\Windows\System32\GDI32.dll
0x00007ff85ec20000 - 0x00007ff85eea5000 	C:\Windows\WinSxS\amd64_microsoft.windows.common-controls_6595b64144ccf1df_6.0.18362.207_none_e6c5ae95130e4267\COMCTL32.dll
0x00007ff8607c0000 - 0x00007ff860954000 	C:\Windows\System32\gdi32full.dll
0x00007ff861740000 - 0x00007ff8617de000 	C:\Windows\System32\msvcrt.dll
0x00007ff85fdc0000 - 0x00007ff85fe5e000 	C:\Windows\System32\msvcp_win.dll
0x00007ff861170000 - 0x00007ff8614a6000 	C:\Windows\System32\combase.dll
0x00007ff860e00000 - 0x00007ff860f20000 	C:\Windows\System32\RPCRT4.dll
0x00007ff85f930000 - 0x00007ff85f9b1000 	C:\Windows\System32\bcryptPrimitives.dll
0x00007ff862560000 - 0x00007ff86258e000 	C:\Windows\System32\IMM32.DLL
0x00007ff85af80000 - 0x00007ff85af8c000 	D:\Zalupa\Android Studio\jbr\bin\vcruntime140_1.dll
0x00007ff846300000 - 0x00007ff84638d000 	D:\Zalupa\Android Studio\jbr\bin\msvcp140.dll
0x00007ff824100000 - 0x00007ff824d7d000 	D:\Zalupa\Android Studio\jbr\bin\server\jvm.dll
0x00007ff8621c0000 - 0x00007ff862263000 	C:\Windows\System32\ADVAPI32.dll
0x00007ff862740000 - 0x00007ff8627d7000 	C:\Windows\System32\sechost.dll
0x00007ff85f7e0000 - 0x00007ff85f82a000 	C:\Windows\System32\POWRPROF.dll
0x00007ff85f770000 - 0x00007ff85f780000 	C:\Windows\System32\UMPDC.dll
0x00007ff8616d0000 - 0x00007ff86173f000 	C:\Windows\System32\WS2_32.dll
0x00007ff859e00000 - 0x00007ff859e0a000 	C:\Windows\SYSTEM32\VERSION.dll
0x00007ff85ceb0000 - 0x00007ff85ced4000 	C:\Windows\SYSTEM32\WINMM.dll
0x00007ff85ce00000 - 0x00007ff85ce2d000 	C:\Windows\SYSTEM32\WINMMBASE.dll
0x00007ff85fd70000 - 0x00007ff85fdba000 	C:\Windows\System32\cfgmgr32.dll
0x00007ff85f780000 - 0x00007ff85f791000 	C:\Windows\System32\kernel.appcore.dll
0x00007ff85aa30000 - 0x00007ff85aa3a000 	D:\Zalupa\Android Studio\jbr\bin\jimage.dll
0x00007ff85f230000 - 0x00007ff85f424000 	C:\Windows\SYSTEM32\DBGHELP.DLL
0x00007ff85efa0000 - 0x00007ff85efca000 	C:\Windows\SYSTEM32\dbgcore.DLL
0x00007ff850060000 - 0x00007ff85007f000 	D:\Zalupa\Android Studio\jbr\bin\java.dll

dbghelp: loaded successfully - version: 4.0.5 - missing functions: none
symbol engine: initialized successfully - sym options: 0x614 - pdb path: .;D:\Zalupa\Android Studio\jbr\bin;C:\Windows\SYSTEM32;C:\Windows\WinSxS\amd64_microsoft.windows.common-controls_6595b64144ccf1df_6.0.18362.207_none_e6c5ae95130e4267;D:\Zalupa\Android Studio\jbr\bin\server

VM Arguments:
java_command: <unknown>
java_class_path (initial): <not set>
Launcher Type: SUN_STANDARD

[Global flags]
     intx CICompilerCount                          = 3                                         {product} {ergonomic}
     uint ConcGCThreads                            = 1                                         {product} {ergonomic}
     uint G1ConcRefinementThreads                  = 4                                         {product} {ergonomic}
   size_t G1HeapRegionSize                         = 1048576                                   {product} {ergonomic}
    uintx GCDrainStackTargetSize                   = 64                                        {product} {ergonomic}
   size_t InitialHeapSize                          = 132120576                                 {product} {ergonomic}
   size_t MarkStackSize                            = 4194304                                   {product} {ergonomic}
   size_t MaxHeapSize                              = 2105540608                                {product} {ergonomic}
   size_t MinHeapDeltaBytes                        = 1048576                                   {product} {ergonomic}
   size_t MinHeapSize                              = 8388608                                   {product} {ergonomic}
    uintx NonNMethodCodeHeapSize                   = 5832780                                {pd product} {ergonomic}
    uintx NonProfiledCodeHeapSize                  = 122912730                              {pd product} {ergonomic}
    uintx ProfiledCodeHeapSize                     = 122912730                              {pd product} {ergonomic}
    uintx ReservedCodeCacheSize                    = 251658240                              {pd product} {ergonomic}
     bool SegmentedCodeCache                       = true                                      {product} {ergonomic}
   size_t SoftMaxHeapSize                          = 2105540608                             {manageable} {ergonomic}
     bool UseCompressedOops                        = true                           {product lp64_product} {ergonomic}
     bool UseG1GC                                  = true                                      {product} {ergonomic}
     bool UseLargePagesIndividualAllocation        = false                                  {pd product} {ergonomic}

Logging:
Log output configuration:
 #0: stdout all=warning uptime,level,tags foldmultilines=false
 #1: stderr all=off uptime,level,tags foldmultilines=false

Environment Variables:
PATH=C:\Program Files (x86)\Common Files\Oracle\Java\javapath;C:\Windows\system32;C:\Windows;C:\Windows\System32\Wbem;C:\Windows\System32\WindowsPowerShell\v1.0\;C:\Windows\System32\OpenSSH\;C:\Program Files (x86)\NVIDIA Corporation\PhysX\Common;C:\Program Files\dotnet\;C:\Program Files (x86)\dotnet\;C:\ProgramData\chocolatey\bin;C:\Users\User\AppData\Local\Microsoft\WindowsApps;;D:\Microsoft VS Code\bin;C:\Users\User\.dotnet\tools;C:\tools\dart-sdk\bin;C:\Users\User\AppData\Local\Pub\Cache\bin;D:\prog\Diplom\flutter\bin\mingit\cmd;D:\prog\Diplom\flutter\bin\mingit\cmd
USERNAME=User
OS=Windows_NT
PROCESSOR_IDENTIFIER=Intel64 Family 6 Model 142 Stepping 12, GenuineIntel
TMP=C:\Users\User\AppData\Local\Temp
TEMP=C:\Users\User\AppData\Local\Temp




Periodic native trim disabled

JNI global refs:
JNI global refs: 0, weak refs: 0

JNI global refs memory usage: 0, weak refs: 0

Process memory usage:
Resident Set Size: 10340K (0% of 8218928K total physical memory with 996696K free physical memory)

OOME stack traces (most recent first):
Classloader memory used:

---------------  S Y S T E M  ---------------

OS:
 Windows 10 , 64 bit Build 18362 (10.0.18362.86)
OS uptime: 27 days 3:14 hours

CPU: total 4 (initial active 4) (2 cores per cpu, 2 threads per core) family 6 model 142 stepping 12 microcode 0xde, cx8, cmov, fxsr, ht, mmx, 3dnowpref, sse, sse2, sse3, ssse3, sse4.1, sse4.2, popcnt, lzcnt, tsc, tscinvbit, avx, avx2, aes, erms, clmul, bmi1, bmi2, adx, fma, vzeroupper, clflush, clflushopt, rdtscp, f16c
Processor Information for all 4 processors :
  Max Mhz: 2592, Current Mhz: 2093, Mhz Limit: 2073

Memory: 4k page, system-wide physical 8026M (973M free)
TotalPageFile size 10074M (AvailPageFile size 77M)
current process WorkingSet (physical memory assigned to process): 10M, peak: 10M
current process commit charge ("private bytes"): 51M, peak: 177M

vm_info: OpenJDK 64-Bit Server VM (21.0.3+-12282718-b509.11) for windows-amd64 JRE (21.0.3+-12282718-b509.11), built on 2024-08-27T17:34:15Z by "builder" with MS VC++ 16.10 / 16.11 (VS2019)

END.
